{"name": "test_login_valid_creds[ENV.STAGE]", "status": "failed", "statusDetails": {"message": "AssertionError: assert 'You logged into a secure area!\\n×' == ' You logged into a secure area!'", "trace": "self = <tests.test_login.TestLogin object at 0x0000029EBEBC0400>\ndriver = <selenium.webdriver.chrome.webdriver.WebDriver (session=\"788cd015199b4a64d761f25aa3787a35\")>\nenvironment = <ENV.STAGE: (2, 'STAGE')>\n\n    @allure.feature('Login Page')\n    @allure.testcase(\"https://accunture.testrail.io/index.php?/cases/view/9999\", 'Test Case Link')\n    @pytest.mark.C9999 #TestRail ID\n    @pytest.mark.smoke\n    @pytest.mark.parametrize(\"environment\", [ENV.STAGE])\n    def test_login_valid_creds(self, driver, environment):\n        secure_logged_in_txt = \" You logged into a secure area!\"\n        login_page = LoginPage(env=environment)\n        login_page.open_page(driver)\n        login_page.verify_page(driver)\n        login_page.fill_credentials_login(driver, username='tomsmith', password='SuperSecretPassword!')\n        secure_page = SecurePage(env=environment)\n        secure_page.verify_page(driver)\n        text = secure_page.get_flash_message_box_text(driver)\n>       assert text == secure_logged_in_txt\nE       AssertionError: assert 'You logged into a secure area!\\n×' == ' You logged into a secure area!'\n\ntest_login.py:25: AssertionError"}, "steps": [{"name": "Init Login Page with following env: ENV.STAGE", "status": "passed", "start": 1637824460387, "stop": 1637824460387}, {"name": "Open url: https://the-internet.herokuapp.com/login", "status": "passed", "start": 1637824460387, "stop": 1637824462002}, {"name": "Current url: https://the-internet.herokuapp.com/login asserting https://the-internet.herokuapp.com/login", "status": "passed", "start": 1637824462012, "stop": 1637824462018}, {"name": "Locate Username field by: //input[@id='username'] locator", "status": "passed", "start": 1637824462018, "stop": 1637824462087}, {"name": "Insert  \"tomsmith\" into Username field ", "status": "passed", "start": 1637824462087, "stop": 1637824462202}, {"name": "Locate Password Field  by: //input[@id='password'] locator", "status": "passed", "start": 1637824462202, "stop": 1637824462298}, {"name": "Insert  \"******\" into Password field ", "status": "passed", "start": 1637824462298, "stop": 1637824462437}, {"name": "Locate Login button  by: //button[@type='submit'] locator", "status": "passed", "start": 1637824462437, "stop": 1637824462517}, {"name": "Click on Submit Button with : //button[@type='submit'] locator", "status": "passed", "start": 1637824462517, "stop": 1637824463033}, {"name": "Wait until we will be redirected to actual page", "status": "passed", "steps": [{"name": "Login took 0 seconds", "status": "passed", "start": 1637824464060, "stop": 1637824464060}], "start": 1637824463033, "stop": 1637824464060}, {"name": "Init Login Page with following env: ENV.STAGE", "status": "passed", "start": 1637824464061, "stop": 1637824464061}, {"name": "Current url: https://the-internet.herokuapp.com/secure asserting https://the-internet.herokuapp.com/secure", "status": "passed", "start": 1637824464074, "stop": 1637824464087}, {"name": "Add failed screenshot", "status": "passed", "attachments": [{"name": "Failed screenshot", "source": "1b2c46e2-5735-4d38-9ea4-7474f3321362-attachment.png", "type": "image/png"}], "start": 1637824466309, "stop": 1637824466864}], "attachments": [{"name": "log", "source": "8a405ae2-c883-4cd2-be95-503af6204e5c-attachment.txt", "type": "text/plain"}, {"name": "stdout", "source": "2788997b-dfa7-4787-8a6c-accdfc102835-attachment.txt", "type": "text/plain"}, {"name": "stderr", "source": "b813311e-7468-4d4b-9ac8-f3fc0163e115-attachment.txt", "type": "text/plain"}], "parameters": [{"name": "environment", "value": "<ENV.STAGE: (2, 'STAGE')>"}], "start": 1637824460386, "stop": 1637824465727, "uuid": "2c5f876b-58e2-4787-8cda-97d466b089b8", "historyId": "cecad37550bde2c82b7fa945054a4a90", "testCaseId": "35a7920858192c899de77629e605663a", "fullName": "tests.test_login.TestLogin#test_login_valid_creds", "labels": [{"name": "feature", "value": "Login Page"}, {"name": "tag", "value": "smoke"}, {"name": "tag", "value": "C9999"}, {"name": "parentSuite", "value": "tests"}, {"name": "suite", "value": "test_login"}, {"name": "subSuite", "value": "TestLogin"}, {"name": "host", "value": "LAPTOP-LKUFHBJQ"}, {"name": "thread", "value": "48704-MainThread"}, {"name": "framework", "value": "pytest"}, {"name": "language", "value": "cpython3"}, {"name": "package", "value": "tests.test_login"}], "links": [{"type": "test_case", "url": "https://accunture.testrail.io/index.php?/cases/view/9999", "name": "Test Case Link"}]}