{"name": "Testing Dynamic Controls add/remove button.", "status": "failed", "statusDetails": {"message": "AssertionError: assert not 1\n +  where 1 = len([<selenium.webdriver.remote.webelement.WebElement (session=\"e57e8e3dd2b059f9da463aa760ff7aee\", element=\"b15f060c-96de-4236-9aea-6bd7f5f8965a\")>])\n +    where [<selenium.webdriver.remote.webelement.WebElement (session=\"e57e8e3dd2b059f9da463aa760ff7aee\", element=\"b15f060c-96de-4236-9aea-6bd7f5f8965a\")>] = <bound method WebDriver.find_elements_by_xpath of <selenium.webdriver.chrome.webdriver.WebDriver (session=\"e57e8e3dd2b059f9da463aa760ff7aee\")>>(\"//input[@type='checkbox']\")\n +      where <bound method WebDriver.find_elements_by_xpath of <selenium.webdriver.chrome.webdriver.WebDriver (session=\"e57e8e3dd2b059f9da463aa760ff7aee\")>> = <selenium.webdriver.chrome.webdriver.WebDriver (session=\"e57e8e3dd2b059f9da463aa760ff7aee\")>.find_elements_by_xpath", "trace": "self = <tests.test_dynamic_controls.TestDynamicControls object at 0x000001E07E322730>\ndriver = <selenium.webdriver.chrome.webdriver.WebDriver (session=\"e57e8e3dd2b059f9da463aa760ff7aee\")>\nenvironment = <ENV.PROD: (3, 'PROD', 'prod_config')>\n\n    @allure.feature('Dynamic Controls Page')\n    @allure.title(\"Testing Dynamic Controls add/remove button.\")\n    @allure.testcase(\"https://spoton.testrail.io/index.php?/cases/view/999904\", 'Test Case Link')\n    @pytest.mark.C999904  # TestRail ID\n    @pytest.mark.smoke\n    @pytest.mark.parametrize(\"environment\", [ENV.PROD])\n    def test_dynamic_controls_add_remove(self, driver, environment):\n        dynamic_controls_page = DynamicControls(env=environment)\n        dynamic_controls_page.open_page(driver)\n        dynamic_controls_page.verify_page(driver)\n        dynamic_controls_page.click_remove_add_btn(driver)\n        text_removed = dynamic_controls_page.get_checkbox_text(driver)\n        # asserting that the checkbox has been removed by verifying the status text\n        assert text_removed == dynamic_controls_page.get_checkbox_status_test_from_config(\"gone_text\")\n        # verifying that the checkbox is not present\n        assert not len(driver.find_elements_by_xpath(\"//input[@type='checkbox']\"))\n        dynamic_controls_page.click_remove_add_btn(driver)\n        text_added = dynamic_controls_page.get_checkbox_text(driver)\n        # asserting that the checkbox has been added by verifying the status text\n        assert text_added == dynamic_controls_page.get_checkbox_status_test_from_config(\"added_text\")\n>       assert not len(driver.find_elements_by_xpath(\"//input[@type='checkbox']\"))\nE       assert not 1\nE        +  where 1 = len([<selenium.webdriver.remote.webelement.WebElement (session=\"e57e8e3dd2b059f9da463aa760ff7aee\", element=\"b15f060c-96de-4236-9aea-6bd7f5f8965a\")>])\nE        +    where [<selenium.webdriver.remote.webelement.WebElement (session=\"e57e8e3dd2b059f9da463aa760ff7aee\", element=\"b15f060c-96de-4236-9aea-6bd7f5f8965a\")>] = <bound method WebDriver.find_elements_by_xpath of <selenium.webdriver.chrome.webdriver.WebDriver (session=\"e57e8e3dd2b059f9da463aa760ff7aee\")>>(\"//input[@type='checkbox']\")\nE        +      where <bound method WebDriver.find_elements_by_xpath of <selenium.webdriver.chrome.webdriver.WebDriver (session=\"e57e8e3dd2b059f9da463aa760ff7aee\")>> = <selenium.webdriver.chrome.webdriver.WebDriver (session=\"e57e8e3dd2b059f9da463aa760ff7aee\")>.find_elements_by_xpath\n\ntest_dynamic_controls.py:30: AssertionError"}, "steps": [{"name": "Init Dynamic Controls Page with following env: ENV.PROD", "status": "passed", "start": 1637978242036, "stop": 1637978242036}, {"name": "Open url: https://the-internet.herokuapp.com/dynamic_controls", "status": "passed", "start": 1637978242036, "stop": 1637978243319}, {"name": "Current url: https://the-internet.herokuapp.com/dynamic_controls asserting https://the-internet.herokuapp.com/dynamic_controls", "status": "passed", "start": 1637978243323, "stop": 1637978243326}, {"name": "Getting a value from a config file by key: 'gone_text'", "status": "passed", "parameters": [{"name": "key", "value": "'gone_text'"}], "start": 1637978249684, "stop": 1637978249684}, {"name": "Getting a value from a config file by key: 'added_text'", "status": "passed", "parameters": [{"name": "key", "value": "'added_text'"}], "start": 1637978256154, "stop": 1637978256154}, {"name": "Add failed screenshot", "status": "passed", "attachments": [{"name": "Failed screenshot", "source": "aeab847a-2f02-489a-9c27-b4f79aa73f64-attachment.png", "type": "image/png"}], "start": 1637978256332, "stop": 1637978256574}], "attachments": [{"name": "log", "source": "f766c1f7-4182-4e6e-9404-1a2c23e42571-attachment.txt", "type": "text/plain"}, {"name": "stdout", "source": "0cc14e14-20ca-4f64-a5b2-b3bf22de603e-attachment.txt", "type": "text/plain"}, {"name": "stderr", "source": "1adf481a-b1f6-401e-9b4d-ced5b1c20421-attachment.txt", "type": "text/plain"}], "parameters": [{"name": "environment", "value": "<ENV.PROD: (3, 'PROD', 'prod_config')>"}], "start": 1637978242035, "stop": 1637978256167, "uuid": "beeb9dd1-9703-46e9-9d8a-3b318f6ba158", "historyId": "91dfc48a04828f9a2722d760bbe4a78f", "testCaseId": "cd160034d42257c911dbc0ad4c4f7347", "fullName": "tests.test_dynamic_controls.TestDynamicControls#test_dynamic_controls_add_remove", "labels": [{"name": "feature", "value": "Dynamic Controls Page"}, {"name": "tag", "value": "smoke"}, {"name": "tag", "value": "C999904"}, {"name": "parentSuite", "value": "tests"}, {"name": "suite", "value": "test_dynamic_controls"}, {"name": "subSuite", "value": "TestDynamicControls"}, {"name": "host", "value": "LAPTOP-LKUFHBJQ"}, {"name": "thread", "value": "11564-MainThread"}, {"name": "framework", "value": "pytest"}, {"name": "language", "value": "cpython3"}, {"name": "package", "value": "tests.test_dynamic_controls"}], "links": [{"type": "test_case", "url": "https://spoton.testrail.io/index.php?/cases/view/999904", "name": "Test Case Link"}]}