{"name": "test_login_valid_creds[ENV.STAGE]", "status": "failed", "statusDetails": {"message": "AssertionError: assert 'You logged into a secure area!\\n×' == ' You logged into a secure area!'", "trace": "self = <tests.test_login.TestLogin object at 0x000001618F2D0400>\ndriver = <selenium.webdriver.chrome.webdriver.WebDriver (session=\"5867ea0274f6e9319a3a0e4441d9ece5\")>\nenvironment = <ENV.STAGE: (2, 'STAGE')>\n\n    @allure.feature('Login Page')\n    @allure.testcase(\"https://accunture.testrail.io/index.php?/cases/view/9999\", 'Test Case Link')\n    @pytest.mark.C9999 #TestRail ID\n    @pytest.mark.smoke\n    @pytest.mark.parametrize(\"environment\", [ENV.STAGE])\n    def test_login_valid_creds(self, driver, environment):\n        secure_logged_in_txt = \" You logged into a secure area!\"\n        login_page = LoginPage(env=environment)\n        login_page.open_page(driver)\n        login_page.verify_page(driver)\n        login_page.fill_credentials_login(driver, username='tomsmith', password='SuperSecretPassword!')\n        secure_page = SecurePage(env=environment)\n        secure_page.verify_page(driver)\n        text = secure_page.get_flash_message_box_text(driver)\n>       assert text == secure_logged_in_txt\nE       AssertionError: assert 'You logged into a secure area!\\n×' == ' You logged into a secure area!'\n\ntest_login.py:25: AssertionError"}, "steps": [{"name": "Init Login Page with following env: ENV.STAGE", "status": "passed", "start": 1637824588386, "stop": 1637824588387}, {"name": "Open url: https://the-internet.herokuapp.com/login", "status": "passed", "start": 1637824588387, "stop": 1637824589954}, {"name": "Current url: https://the-internet.herokuapp.com/login asserting https://the-internet.herokuapp.com/login", "status": "passed", "start": 1637824589962, "stop": 1637824589967}, {"name": "Locate Username field by: //input[@id='username'] locator", "status": "passed", "start": 1637824589967, "stop": 1637824590042}, {"name": "Insert  \"tomsmith\" into Username field ", "status": "passed", "start": 1637824590042, "stop": 1637824590135}, {"name": "Locate Password Field  by: //input[@id='password'] locator", "status": "passed", "start": 1637824590135, "stop": 1637824590200}, {"name": "Insert  \"******\" into Password field ", "status": "passed", "start": 1637824590200, "stop": 1637824590356}, {"name": "Locate Login button  by: //button[@type='submit'] locator", "status": "passed", "start": 1637824590356, "stop": 1637824590424}, {"name": "Click on Submit Button with : //button[@type='submit'] locator", "status": "passed", "start": 1637824590424, "stop": 1637824590936}, {"name": "Wait until we will be redirected to actual page", "status": "passed", "steps": [{"name": "Login took 0 seconds", "status": "passed", "start": 1637824591952, "stop": 1637824591952}], "start": 1637824590937, "stop": 1637824591952}, {"name": "Init Login Page with following env: ENV.STAGE", "status": "passed", "start": 1637824591952, "stop": 1637824591952}, {"name": "Current url: https://the-internet.herokuapp.com/secure asserting https://the-internet.herokuapp.com/secure", "status": "passed", "start": 1637824591959, "stop": 1637824591966}, {"name": "Add failed screenshot", "status": "passed", "attachments": [{"name": "Failed screenshot", "source": "c32b073d-683d-4065-b7cb-b4d43c55f7cc-attachment.png", "type": "image/png"}], "start": 1637824594185, "stop": 1637824594747}], "attachments": [{"name": "log", "source": "bbd62661-31fd-4dad-96e2-d92497cbb0f5-attachment.txt", "type": "text/plain"}, {"name": "stdout", "source": "313e7202-e287-4e50-9c0e-dedacddd6371-attachment.txt", "type": "text/plain"}, {"name": "stderr", "source": "4705b0b2-9052-44d2-8527-b408b2d0624a-attachment.txt", "type": "text/plain"}], "parameters": [{"name": "environment", "value": "<ENV.STAGE: (2, 'STAGE')>"}], "start": 1637824588386, "stop": 1637824593588, "uuid": "f32993be-a2dc-48dd-9cc8-75e3905e1702", "historyId": "cecad37550bde2c82b7fa945054a4a90", "testCaseId": "35a7920858192c899de77629e605663a", "fullName": "tests.test_login.TestLogin#test_login_valid_creds", "labels": [{"name": "feature", "value": "Login Page"}, {"name": "tag", "value": "C9999"}, {"name": "tag", "value": "smoke"}, {"name": "parentSuite", "value": "tests"}, {"name": "suite", "value": "test_login"}, {"name": "subSuite", "value": "TestLogin"}, {"name": "host", "value": "LAPTOP-LKUFHBJQ"}, {"name": "thread", "value": "37616-MainThread"}, {"name": "framework", "value": "pytest"}, {"name": "language", "value": "cpython3"}, {"name": "package", "value": "tests.test_login"}], "links": [{"type": "test_case", "url": "https://accunture.testrail.io/index.php?/cases/view/9999", "name": "Test Case Link"}]}