{"name": "test_login_valid_creds[ENV.STAGE]", "status": "failed", "statusDetails": {"message": "AssertionError: assert 'You logged into a secure area!' == ' You logged into a secure area!'", "trace": "self = <tests.test_login.TestLogin object at 0x00000250E1F10400>\ndriver = <selenium.webdriver.chrome.webdriver.WebDriver (session=\"4cf0d9f8fd22d135c89f15df5c4b6788\")>\nenvironment = <ENV.STAGE: (2, 'STAGE')>\n\n    @allure.feature('Login Page')\n    @allure.testcase(\"https://accunture.testrail.io/index.php?/cases/view/9999\", 'Test Case Link')\n    @pytest.mark.C9999 #TestRail ID\n    @pytest.mark.smoke\n    @pytest.mark.parametrize(\"environment\", [ENV.STAGE])\n    def test_login_valid_creds(self, driver, environment):\n        secure_logged_in_txt = \" You logged into a secure area!\"\n        login_page = LoginPage(env=environment)\n        login_page.open_page(driver)\n        login_page.verify_page(driver)\n        login_page.fill_credentials_login(driver, username='tomsmith', password='SuperSecretPassword!')\n        secure_page = SecurePage(env=environment)\n        secure_page.verify_page(driver)\n        text = secure_page.get_flash_message_box_text(driver)\n>       assert text == secure_logged_in_txt\nE       AssertionError: assert 'You logged into a secure area!' == ' You logged into a secure area!'\n\ntest_login.py:25: AssertionError"}, "steps": [{"name": "Init Login Page with following env: ENV.STAGE", "status": "passed", "start": 1637824745706, "stop": 1637824745706}, {"name": "Open url: https://the-internet.herokuapp.com/login", "status": "passed", "start": 1637824745707, "stop": 1637824747400}, {"name": "Current url: https://the-internet.herokuapp.com/login asserting https://the-internet.herokuapp.com/login", "status": "passed", "start": 1637824747412, "stop": 1637824747419}, {"name": "Locate Username field by: //input[@id='username'] locator", "status": "passed", "start": 1637824747420, "stop": 1637824747523}, {"name": "Insert  \"tomsmith\" into Username field ", "status": "passed", "start": 1637824747523, "stop": 1637824747670}, {"name": "Locate Password Field  by: //input[@id='password'] locator", "status": "passed", "start": 1637824747670, "stop": 1637824747759}, {"name": "Insert  \"******\" into Password field ", "status": "passed", "start": 1637824747759, "stop": 1637824747937}, {"name": "Locate Login button  by: //button[@type='submit'] locator", "status": "passed", "start": 1637824747937, "stop": 1637824748011}, {"name": "Click on Submit Button with : //button[@type='submit'] locator", "status": "passed", "start": 1637824748011, "stop": 1637824748741}, {"name": "Wait until we will be redirected to actual page", "status": "passed", "steps": [{"name": "Login took 0 seconds", "status": "passed", "start": 1637824749763, "stop": 1637824749763}], "start": 1637824748741, "stop": 1637824749763}, {"name": "Init Login Page with following env: ENV.STAGE", "status": "passed", "start": 1637824749763, "stop": 1637824749763}, {"name": "Current url: https://the-internet.herokuapp.com/secure asserting https://the-internet.herokuapp.com/secure", "status": "passed", "start": 1637824749774, "stop": 1637824749792}, {"name": "Add failed screenshot", "status": "passed", "attachments": [{"name": "Failed screenshot", "source": "6d3f13be-8179-4f72-ab2a-480be67ee2ac-attachment.png", "type": "image/png"}], "start": 1637824752112, "stop": 1637824752786}], "attachments": [{"name": "log", "source": "c0c7110b-081c-4e44-95c3-142825cc557e-attachment.txt", "type": "text/plain"}, {"name": "stdout", "source": "603f80a5-7f1a-42e0-924a-16629e5eaf59-attachment.txt", "type": "text/plain"}, {"name": "stderr", "source": "d3782b04-22d8-4c7c-b771-8597818b2c65-attachment.txt", "type": "text/plain"}], "parameters": [{"name": "environment", "value": "<ENV.STAGE: (2, 'STAGE')>"}], "start": 1637824745706, "stop": 1637824751448, "uuid": "4dbeb793-b1a7-4f68-8683-faaf2f8711b4", "historyId": "cecad37550bde2c82b7fa945054a4a90", "testCaseId": "35a7920858192c899de77629e605663a", "fullName": "tests.test_login.TestLogin#test_login_valid_creds", "labels": [{"name": "feature", "value": "Login Page"}, {"name": "tag", "value": "C9999"}, {"name": "tag", "value": "smoke"}, {"name": "parentSuite", "value": "tests"}, {"name": "suite", "value": "test_login"}, {"name": "subSuite", "value": "TestLogin"}, {"name": "host", "value": "LAPTOP-LKUFHBJQ"}, {"name": "thread", "value": "43276-MainThread"}, {"name": "framework", "value": "pytest"}, {"name": "language", "value": "cpython3"}, {"name": "package", "value": "tests.test_login"}], "links": [{"type": "test_case", "url": "https://accunture.testrail.io/index.php?/cases/view/9999", "name": "Test Case Link"}]}