{"name": "Testing JavaScript Alerts - JS Prompt", "status": "failed", "statusDetails": {"message": "AssertionError: assert 'This is a text from a JavaScript prompt' == 'You entered: This is a text from a JavaScript prompt'", "trace": "self = <tests.test_js_alerts.TestJavaScriptAlerts object at 0x000001FCCCC433A0>\ndriver = <selenium.webdriver.chrome.webdriver.WebDriver (session=\"f20c7d57b130312df45bd000a7cfee16\")>\nenvironment = <ENV.PROD: (3, 'PROD', 'prod_config')>\n\n    @allure.feature('JavaScript Alerts Page')\n    @allure.title(\"Testing JavaScript Alerts - JS Prompt\")\n    @allure.testcase(\"https://spoton.testrail.io/index.php?/cases/view/999908\", 'Test Case Link')\n    @pytest.mark.C999908  # TestRail ID\n    @pytest.mark.smoke\n    @pytest.mark.parametrize(\"environment\", [ENV.PROD])\n    def test_js_prompt(self, driver, environment):\n        js_alerts_page = JavaScriptAlerts(env=environment)\n        js_alerts_page.open_page(driver)\n        js_alerts_page.verify_page(driver)\n        js_alerts_page.click_js_prompt_btn(driver)\n        alert = driver.switch_to.alert\n        text = alert.text\n        assert text == js_alerts_page.get_js_alerts_texts_from_config(\"js_prompt_text\")\n        alert.send_keys(js_alerts_page.get_js_alerts_texts_from_config(\"js_prompt_input_text\"))\n        alert.accept()\n>       assert js_alerts_page.get_js_alerts_texts_from_config(\"js_prompt_input_text\") == js_alerts_page.get_js_prompt_result_text(driver)\nE       AssertionError: assert 'This is a text from a JavaScript prompt' == 'You entered: This is a text from a JavaScript prompt'\n\ntest_js_alerts.py:60: AssertionError"}, "steps": [{"name": "Init Javascript Alerts Page with following env: ENV.PROD", "status": "passed", "start": 1638079241225, "stop": 1638079241225}, {"name": "Open url: https://the-internet.herokuapp.com/javascript_alerts", "status": "passed", "start": 1638079241225, "stop": 1638079242418}, {"name": "Current url: https://the-internet.herokuapp.com/javascript_alerts asserting https://the-internet.herokuapp.com/javascript_alerts", "status": "passed", "start": 1638079242423, "stop": 1638079242427}, {"name": "Getting a value from a config file by key: 'js_prompt_text'", "status": "passed", "parameters": [{"name": "key", "value": "'js_prompt_text'"}], "start": 1638079244081, "stop": 1638079244081}, {"name": "Getting a value from a config file by key: 'js_prompt_input_text'", "status": "passed", "parameters": [{"name": "key", "value": "'js_prompt_input_text'"}], "start": 1638079244082, "stop": 1638079244082}, {"name": "Getting a value from a config file by key: 'js_prompt_input_text'", "status": "passed", "parameters": [{"name": "key", "value": "'js_prompt_input_text'"}], "start": 1638079244089, "stop": 1638079244089}, {"name": "Add failed screenshot", "status": "passed", "attachments": [{"name": "Failed screenshot", "source": "8dd48ae6-f85e-4d1d-a307-6f05733e7f5b-attachment.png", "type": "image/png"}], "start": 1638079245827, "stop": 1638079246058}], "attachments": [{"name": "log", "source": "34b64f03-772f-4b22-a5c5-c32a65e6f33d-attachment.txt", "type": "text/plain"}, {"name": "stdout", "source": "d882ca60-68bb-4ea2-8316-2363c57d6ac4-attachment.txt", "type": "text/plain"}, {"name": "stderr", "source": "99af4f93-7b17-490a-8e1e-3eafcee02a1b-attachment.txt", "type": "text/plain"}], "parameters": [{"name": "environment", "value": "<ENV.PROD: (3, 'PROD', 'prod_config')>"}], "start": 1638079241225, "stop": 1638079245672, "uuid": "93b5b171-dbc9-42d7-bef6-74b0af1d8716", "historyId": "e9f62b29294963540d657d05d724e4b5", "testCaseId": "ed5920392d5e6b9b539eb42586c7064b", "fullName": "tests.test_js_alerts.TestJavaScriptAlerts#test_js_prompt", "labels": [{"name": "feature", "value": "JavaScript Alerts Page"}, {"name": "tag", "value": "C999908"}, {"name": "tag", "value": "smoke"}, {"name": "parentSuite", "value": "tests"}, {"name": "suite", "value": "test_js_alerts"}, {"name": "subSuite", "value": "TestJavaScriptAlerts"}, {"name": "host", "value": "LAPTOP-LKUFHBJQ"}, {"name": "thread", "value": "8908-MainThread"}, {"name": "framework", "value": "pytest"}, {"name": "language", "value": "cpython3"}, {"name": "package", "value": "tests.test_js_alerts"}], "links": [{"type": "test_case", "url": "https://spoton.testrail.io/index.php?/cases/view/999908", "name": "Test Case Link"}]}