{"name": "test_login_valid_creds[ENV.STAGE]", "status": "failed", "statusDetails": {"message": "AssertionError: assert 'You logged into a secure area!\\n×' == ' You logged into a secure area!'", "trace": "self = <tests.test_login.TestLogin object at 0x00000180E76FF400>\ndriver = <selenium.webdriver.chrome.webdriver.WebDriver (session=\"d37f6950c1cf7d37578635d197979dff\")>\nenvironment = <ENV.STAGE: (2, 'STAGE')>\n\n    @allure.feature('Login Page')\n    @allure.testcase(\"https://accunture.testrail.io/index.php?/cases/view/9999\", 'Test Case Link')\n    @pytest.mark.C9999 #TestRail ID\n    @pytest.mark.smoke\n    @pytest.mark.parametrize(\"environment\", [ENV.STAGE])\n    def test_login_valid_creds(self, driver, environment):\n        secure_logged_in_txt = \" You logged into a secure area!\"\n        login_page = LoginPage(env=environment)\n        login_page.open_page(driver)\n        login_page.verify_page(driver)\n        login_page.fill_credentials_login(driver, username='tomsmith', password='SuperSecretPassword!')\n        secure_page = SecurePage(env=environment)\n        secure_page.verify_page(driver)\n        text = secure_page.get_flash_message_box_text(driver)\n>       assert text == secure_logged_in_txt\nE       AssertionError: assert 'You logged into a secure area!\\n×' == ' You logged into a secure area!'\n\ntest_login.py:25: AssertionError"}, "steps": [{"name": "Init Login Page with following env: ENV.STAGE", "status": "passed", "start": 1637824531276, "stop": 1637824531276}, {"name": "Open url: https://the-internet.herokuapp.com/login", "status": "passed", "start": 1637824531276, "stop": 1637824532855}, {"name": "Current url: https://the-internet.herokuapp.com/login asserting https://the-internet.herokuapp.com/login", "status": "passed", "start": 1637824532863, "stop": 1637824532869}, {"name": "Locate Username field by: //input[@id='username'] locator", "status": "passed", "start": 1637824532869, "stop": 1637824532938}, {"name": "Insert  \"tomsmith\" into Username field ", "status": "passed", "start": 1637824532938, "stop": 1637824533031}, {"name": "Locate Password Field  by: //input[@id='password'] locator", "status": "passed", "start": 1637824533031, "stop": 1637824533119}, {"name": "Insert  \"******\" into Password field ", "status": "passed", "start": 1637824533119, "stop": 1637824533280}, {"name": "Locate Login button  by: //button[@type='submit'] locator", "status": "passed", "start": 1637824533280, "stop": 1637824533353}, {"name": "Click on Submit Button with : //button[@type='submit'] locator", "status": "passed", "start": 1637824533353, "stop": 1637824533851}, {"name": "Wait until we will be redirected to actual page", "status": "passed", "steps": [{"name": "Login took 0 seconds", "status": "passed", "start": 1637824534872, "stop": 1637824534872}], "start": 1637824533852, "stop": 1637824534872}, {"name": "Init Login Page with following env: ENV.STAGE", "status": "passed", "start": 1637824534872, "stop": 1637824534872}, {"name": "Current url: https://the-internet.herokuapp.com/secure asserting https://the-internet.herokuapp.com/secure", "status": "passed", "start": 1637824534879, "stop": 1637824534886}, {"name": "Add failed screenshot", "status": "passed", "attachments": [{"name": "Failed screenshot", "source": "f6917f23-95e7-4919-8ea0-92db1dbf912c-attachment.png", "type": "image/png"}], "start": 1637824536932, "stop": 1637824537459}], "attachments": [{"name": "log", "source": "e22b40a1-f908-43c4-b8d1-11b1a27434fb-attachment.txt", "type": "text/plain"}, {"name": "stdout", "source": "441b923f-f2c7-41f2-9ca8-d3707d57661a-attachment.txt", "type": "text/plain"}, {"name": "stderr", "source": "b84814a7-b6b4-49d1-87ed-f03e54019b06-attachment.txt", "type": "text/plain"}], "parameters": [{"name": "environment", "value": "<ENV.STAGE: (2, 'STAGE')>"}], "start": 1637824531276, "stop": 1637824536513, "uuid": "c1ce778a-e95e-42de-b394-17993085616f", "historyId": "cecad37550bde2c82b7fa945054a4a90", "testCaseId": "35a7920858192c899de77629e605663a", "fullName": "tests.test_login.TestLogin#test_login_valid_creds", "labels": [{"name": "feature", "value": "Login Page"}, {"name": "tag", "value": "C9999"}, {"name": "tag", "value": "smoke"}, {"name": "parentSuite", "value": "tests"}, {"name": "suite", "value": "test_login"}, {"name": "subSuite", "value": "TestLogin"}, {"name": "host", "value": "LAPTOP-LKUFHBJQ"}, {"name": "thread", "value": "47736-MainThread"}, {"name": "framework", "value": "pytest"}, {"name": "language", "value": "cpython3"}, {"name": "package", "value": "tests.test_login"}], "links": [{"type": "test_case", "url": "https://accunture.testrail.io/index.php?/cases/view/9999", "name": "Test Case Link"}]}