{"name": "Testing Dynamic Controls add/remove button.", "status": "failed", "statusDetails": {"message": "AssertionError: assert \"It's gone!\" != \"It's gone!\"", "trace": "self = <tests.test_dynamic_controls.TestDynamicControls object at 0x00000241E9366DF0>\ndriver = <selenium.webdriver.chrome.webdriver.WebDriver (session=\"123500702173a0f0b9c58a9ce9e808c4\")>\nenvironment = <ENV.PROD: (3, 'PROD', 'prod_config')>\n\n    @allure.feature('Dynamic Controls Page')\n    @allure.title(\"Testing Dynamic Controls add/remove button.\")\n    @allure.testcase(\"https://spoton.testrail.io/index.php?/cases/view/999904\", 'Test Case Link')\n    @pytest.mark.C999904  # TestRail ID\n    @pytest.mark.smoke\n    @pytest.mark.parametrize(\"environment\", [ENV.PROD])\n    def test_dynamic_controls_add_remove(self, driver, environment):\n        dynamic_controls_page = DynamicControls(env=environment)\n        dynamic_controls_page.open_page(driver)\n        dynamic_controls_page.verify_page(driver)\n        dynamic_controls_page.click_remove_add_btn(driver)\n        text = dynamic_controls_page.get_checkbox_text(driver)\n>       assert text != dynamic_controls_page.get_checkbox_status_test_from_config(\"gone_text\")\nE       assert \"It's gone!\" != \"It's gone!\"\n\ntest_dynamic_controls.py:22: AssertionError"}, "steps": [{"name": "Init Dynamic Controls Page with following env: ENV.PROD", "status": "passed", "start": 1637977759560, "stop": 1637977759560}, {"name": "Open url: https://the-internet.herokuapp.com/dynamic_controls", "status": "passed", "start": 1637977759560, "stop": 1637977760930}, {"name": "Current url: https://the-internet.herokuapp.com/dynamic_controls asserting https://the-internet.herokuapp.com/dynamic_controls", "status": "passed", "start": 1637977760935, "stop": 1637977760939}, {"name": "Getting a value from a config file by key: 'gone_text'", "status": "passed", "parameters": [{"name": "key", "value": "'gone_text'"}], "start": 1637977767295, "stop": 1637977767295}, {"name": "Add failed screenshot", "status": "passed", "attachments": [{"name": "Failed screenshot", "source": "be978837-e362-4a31-99dc-e98db9ec46bb-attachment.png", "type": "image/png"}], "start": 1637977767452, "stop": 1637977767682}], "attachments": [{"name": "log", "source": "f4ab02d5-c1ca-4af4-af4b-3683d9696202-attachment.txt", "type": "text/plain"}, {"name": "stdout", "source": "030e473d-d6e7-4a38-9983-26caae22d999-attachment.txt", "type": "text/plain"}, {"name": "stderr", "source": "3a26fa92-aae0-4cf8-9eb6-7a88d6ccf451-attachment.txt", "type": "text/plain"}], "parameters": [{"name": "environment", "value": "<ENV.PROD: (3, 'PROD', 'prod_config')>"}], "start": 1637977759557, "stop": 1637977767295, "uuid": "5ea3a7f7-5518-4c3a-85e7-2e2a37bae70e", "historyId": "91dfc48a04828f9a2722d760bbe4a78f", "testCaseId": "cd160034d42257c911dbc0ad4c4f7347", "fullName": "tests.test_dynamic_controls.TestDynamicControls#test_dynamic_controls_add_remove", "labels": [{"name": "feature", "value": "Dynamic Controls Page"}, {"name": "tag", "value": "smoke"}, {"name": "tag", "value": "C999904"}, {"name": "parentSuite", "value": "tests"}, {"name": "suite", "value": "test_dynamic_controls"}, {"name": "subSuite", "value": "TestDynamicControls"}, {"name": "host", "value": "LAPTOP-LKUFHBJQ"}, {"name": "thread", "value": "18356-MainThread"}, {"name": "framework", "value": "pytest"}, {"name": "language", "value": "cpython3"}, {"name": "package", "value": "tests.test_dynamic_controls"}], "links": [{"type": "test_case", "url": "https://spoton.testrail.io/index.php?/cases/view/999904", "name": "Test Case Link"}]}