{"name": "Testing Dynamic Controls add/remove button.", "status": "broken", "statusDetails": {"message": "selenium.common.exceptions.TimeoutException: Message: \nStacktrace:\nBacktrace:\n\tOrdinal0 [0x00396903+2517251]\n\tOrdinal0 [0x0032F8E1+2095329]\n\tOrdinal0 [0x00232848+1058888]\n\tOrdinal0 [0x0025D448+1233992]\n\tOrdinal0 [0x0025D63B+1234491]\n\tOrdinal0 [0x00287812+1406994]\n\tOrdinal0 [0x0027650A+1336586]\n\tOrdinal0 [0x00285BBF+1399743]\n\tOrdinal0 [0x0027639B+1336219]\n\tOrdinal0 [0x002527A7+1189799]\n\tOrdinal0 [0x00253609+1193481]\n\tGetHandleVerifier [0x00525904+1577972]\n\tGetHandleVerifier [0x005D0B97+2279047]\n\tGetHandleVerifier [0x00426D09+534521]\n\tGetHandleVerifier [0x00425DB9+530601]\n\tOrdinal0 [0x00334FF9+2117625]\n\tOrdinal0 [0x003398A8+2136232]\n\tOrdinal0 [0x003399E2+2136546]\n\tOrdinal0 [0x00343541+2176321]\n\tBaseThreadInitThunk [0x75ECFA29+25]\n\tRtlGetAppContainerNamedObjectPath [0x778B7A9E+286]\n\tRtlGetAppContainerNamedObjectPath [0x778B7A6E+238]", "trace": "self = <tests.test_dynamic_controls.TestDynamicControls object at 0x000001BD3CD3E2E0>\ndriver = <selenium.webdriver.chrome.webdriver.WebDriver (session=\"05f3c3a80738818a2bfa4aee5ec5b9d6\")>\nenvironment = <ENV.PROD: (3, 'PROD', 'prod_config')>\n\n    @allure.feature('Dynamic Controls Page')\n    @allure.title(\"Testing Dynamic Controls add/remove button.\")\n    @allure.testcase(\"https://spoton.testrail.io/index.php?/cases/view/999904\", 'Test Case Link')\n    @pytest.mark.C999904  # TestRail ID\n    @pytest.mark.smoke\n    @pytest.mark.parametrize(\"environment\", [ENV.PROD])\n    def test_dynamic_controls_add_remove(self, driver, environment):\n        dynamic_controls_page = DynamicControls(env=environment)\n        dynamic_controls_page.open_page(driver)\n        dynamic_controls_page.verify_page(driver)\n        dynamic_controls_page.click_remove_add_btn(driver)\n        text_removed = dynamic_controls_page.get_checkbox_text(driver)\n        # asserting that the checkbox has been removed by verifying the status text\n        assert text_removed == dynamic_controls_page.get_checkbox_status_test_from_config(\"gone_text\")\n        # verifying that the checkbox is not present\n        assert not len(driver.find_elements_by_xpath(\"//input[@type='checkbox']\"))\n>       assert dynamic_controls_page.checkbox_displayed(driver)\n\ntest_dynamic_controls.py:26: \n_ _ _ _ _ _ _ _ _ _ _ _ _ _ _ _ _ _ _ _ _ _ _ _ _ _ _ _ _ _ _ _ _ _ _ _ _ _ _ _\n..\\services\\herokuapp\\pages\\dynamic_controls\\__init__.py:84: in checkbox_displayed\n    element: WebElement = WebElementHelper.get_element(driver, custom_locator,\n..\\utility\\helpers.py:39: in get_element\n    element: WebElement = WebElementHelper.__condition_provider(driver, locator=locator, strategy=strategy,\n..\\utility\\helpers.py:69: in __condition_provider\n    element = wait.until(ec_condition((By.XPATH, locator)))\n_ _ _ _ _ _ _ _ _ _ _ _ _ _ _ _ _ _ _ _ _ _ _ _ _ _ _ _ _ _ _ _ _ _ _ _ _ _ _ _\n\nself = <selenium.webdriver.support.wait.WebDriverWait (session=\"05f3c3a80738818a2bfa4aee5ec5b9d6\")>\nmethod = <function visibility_of_element_located.<locals>._predicate at 0x000001BD3CD1D8B0>\nmessage = ''\n\n    def until(self, method, message=''):\n        \"\"\"Calls the method provided with the driver as an argument until the \\\n        return value does not evaluate to ``False``.\n    \n        :param method: callable(WebDriver)\n        :param message: optional message for :exc:`TimeoutException`\n        :returns: the result of the last call to `method`\n        :raises: :exc:`selenium.common.exceptions.TimeoutException` if timeout occurs\n        \"\"\"\n        screen = None\n        stacktrace = None\n    \n        end_time = time.time() + self._timeout\n        while True:\n            try:\n                value = method(self._driver)\n                if value:\n                    return value\n            except InvalidSelectorException as e:\n                raise e\n            except self._ignored_exceptions as exc:\n                screen = getattr(exc, 'screen', None)\n                stacktrace = getattr(exc, 'stacktrace', None)\n            time.sleep(self._poll)\n            if time.time() > end_time:\n                break\n>       raise TimeoutException(message, screen, stacktrace)\nE       selenium.common.exceptions.TimeoutException: Message: \nE       Stacktrace:\nE       Backtrace:\nE       \tOrdinal0 [0x00396903+2517251]\nE       \tOrdinal0 [0x0032F8E1+2095329]\nE       \tOrdinal0 [0x00232848+1058888]\nE       \tOrdinal0 [0x0025D448+1233992]\nE       \tOrdinal0 [0x0025D63B+1234491]\nE       \tOrdinal0 [0x00287812+1406994]\nE       \tOrdinal0 [0x0027650A+1336586]\nE       \tOrdinal0 [0x00285BBF+1399743]\nE       \tOrdinal0 [0x0027639B+1336219]\nE       \tOrdinal0 [0x002527A7+1189799]\nE       \tOrdinal0 [0x00253609+1193481]\nE       \tGetHandleVerifier [0x00525904+1577972]\nE       \tGetHandleVerifier [0x005D0B97+2279047]\nE       \tGetHandleVerifier [0x00426D09+534521]\nE       \tGetHandleVerifier [0x00425DB9+530601]\nE       \tOrdinal0 [0x00334FF9+2117625]\nE       \tOrdinal0 [0x003398A8+2136232]\nE       \tOrdinal0 [0x003399E2+2136546]\nE       \tOrdinal0 [0x00343541+2176321]\nE       \tBaseThreadInitThunk [0x75ECFA29+25]\nE       \tRtlGetAppContainerNamedObjectPath [0x778B7A9E+286]\nE       \tRtlGetAppContainerNamedObjectPath [0x778B7A6E+238]\n\n..\\venv\\lib\\site-packages\\selenium\\webdriver\\support\\wait.py:89: TimeoutException"}, "steps": [{"name": "Init Dynamic Controls Page with following env: ENV.PROD", "status": "passed", "start": 1637978881783, "stop": 1637978881783}, {"name": "Open url: https://the-internet.herokuapp.com/dynamic_controls", "status": "passed", "start": 1637978881784, "stop": 1637978882978}, {"name": "Current url: https://the-internet.herokuapp.com/dynamic_controls asserting https://the-internet.herokuapp.com/dynamic_controls", "status": "passed", "start": 1637978882982, "stop": 1637978882986}, {"name": "Getting a value from a config file by key: 'gone_text'", "status": "passed", "parameters": [{"name": "key", "value": "'gone_text'"}], "start": 1637978889297, "stop": 1637978889297}, {"name": "Add failed screenshot", "status": "passed", "attachments": [{"name": "Failed screenshot", "source": "c366364d-28cc-4544-93ea-ac2c2af5e3a7-attachment.png", "type": "image/png"}], "start": 1637978919839, "stop": 1637978920052}], "attachments": [{"name": "log", "source": "ed39a56a-090d-42b2-b1df-7d746c5bf77a-attachment.txt", "type": "text/plain"}, {"name": "stdout", "source": "10a45fcb-3a06-4926-97b6-18caa98c3ccd-attachment.txt", "type": "text/plain"}, {"name": "stderr", "source": "5a4a2140-6f0d-45a6-8cfb-53eae3fa0df5-attachment.txt", "type": "text/plain"}], "parameters": [{"name": "environment", "value": "<ENV.PROD: (3, 'PROD', 'prod_config')>"}], "start": 1637978881783, "stop": 1637978919638, "uuid": "df3f2270-ae87-4352-91eb-24fa1fcd958b", "historyId": "91dfc48a04828f9a2722d760bbe4a78f", "testCaseId": "cd160034d42257c911dbc0ad4c4f7347", "fullName": "tests.test_dynamic_controls.TestDynamicControls#test_dynamic_controls_add_remove", "labels": [{"name": "feature", "value": "Dynamic Controls Page"}, {"name": "tag", "value": "smoke"}, {"name": "tag", "value": "C999904"}, {"name": "parentSuite", "value": "tests"}, {"name": "suite", "value": "test_dynamic_controls"}, {"name": "subSuite", "value": "TestDynamicControls"}, {"name": "host", "value": "LAPTOP-LKUFHBJQ"}, {"name": "thread", "value": "3692-MainThread"}, {"name": "framework", "value": "pytest"}, {"name": "language", "value": "cpython3"}, {"name": "package", "value": "tests.test_dynamic_controls"}], "links": [{"type": "test_case", "url": "https://spoton.testrail.io/index.php?/cases/view/999904", "name": "Test Case Link"}]}