{"name": "test_login_valid_creds[ENV.STAGE]", "status": "failed", "statusDetails": {"message": "AssertionError: assert 'You logged into a secure area!\\n×' == ' You logged into a secure area!'", "trace": "self = <tests.test_login.TestLogin object at 0x000001AF07306B20>\ndriver = <selenium.webdriver.chrome.webdriver.WebDriver (session=\"20e9a2ba3ddc6161c01a0372550728f3\")>\nenvironment = <ENV.STAGE: (2, 'STAGE')>\n\n    @allure.feature('Login Page')\n    @allure.testcase(\"https://accunture.testrail.io/index.php?/cases/view/9999\", 'Test Case Link')\n    @pytest.mark.C9999 #TestRail ID\n    @pytest.mark.smoke\n    @pytest.mark.parametrize(\"environment\", [ENV.STAGE])\n    def test_login_valid_creds(self, driver, environment):\n        secure_logged_in_txt = \" You logged into a secure area!\"\n        login_page = LoginPage(env=environment)\n        login_page.open_page(driver)\n        login_page.verify_page(driver)\n        login_page.fill_credentials_login(driver, username='tomsmith', password='SuperSecretPassword!')\n        secure_page = SecurePage(env=environment)\n        secure_page.verify_page(driver)\n        text = secure_page.get_flash_message_box_text(driver)\n>       assert text == secure_logged_in_txt\nE       AssertionError: assert 'You logged into a secure area!\\n×' == ' You logged into a secure area!'\n\ntest_login.py:25: AssertionError"}, "steps": [{"name": "Init Login Page with following env: ENV.STAGE", "status": "passed", "start": 1637824397781, "stop": 1637824397781}, {"name": "Open url: https://the-internet.herokuapp.com/login", "status": "passed", "start": 1637824397781, "stop": 1637824399442}, {"name": "Current url: https://the-internet.herokuapp.com/login asserting https://the-internet.herokuapp.com/login", "status": "passed", "start": 1637824399455, "stop": 1637824399464}, {"name": "Locate Username field by: //input[@id='username'] locator", "status": "passed", "start": 1637824399464, "stop": 1637824399535}, {"name": "Insert  \"tomsmith\" into Username field ", "status": "passed", "start": 1637824399535, "stop": 1637824399629}, {"name": "Locate Password Field  by: //input[@id='password'] locator", "status": "passed", "start": 1637824399630, "stop": 1637824399736}, {"name": "Insert  \"******\" into Password field ", "status": "passed", "start": 1637824399736, "stop": 1637824399887}, {"name": "Locate Login button  by: //button[@type='submit'] locator", "status": "passed", "start": 1637824399887, "stop": 1637824399951}, {"name": "Click on Submit Button with : //button[@type='submit'] locator", "status": "passed", "start": 1637824399951, "stop": 1637824400478}, {"name": "Wait until we will be redirected to actual page", "status": "passed", "steps": [{"name": "Login took 0 seconds", "status": "passed", "start": 1637824401506, "stop": 1637824401506}], "start": 1637824400478, "stop": 1637824401507}, {"name": "Init Login Page with following env: ENV.STAGE", "status": "passed", "start": 1637824401507, "stop": 1637824401507}, {"name": "Current url: https://the-internet.herokuapp.com/secure asserting https://the-internet.herokuapp.com/secure", "status": "passed", "start": 1637824401520, "stop": 1637824401534}, {"name": "Add failed screenshot", "status": "passed", "attachments": [{"name": "Failed screenshot", "source": "cc34fe89-2dbf-4db4-b2a6-c57296b2a3dd-attachment.png", "type": "image/png"}], "start": 1637824403591, "stop": 1637824404145}], "attachments": [{"name": "log", "source": "e18d016a-09b9-4133-b75c-7fdcf45e9d4e-attachment.txt", "type": "text/plain"}, {"name": "stdout", "source": "788585f3-2cdf-4793-8da0-a544bc099c9e-attachment.txt", "type": "text/plain"}, {"name": "stderr", "source": "1f93639c-ba2f-4023-9b15-f2d7840e56b3-attachment.txt", "type": "text/plain"}], "parameters": [{"name": "environment", "value": "<ENV.STAGE: (2, 'STAGE')>"}], "start": 1637824397780, "stop": 1637824403167, "uuid": "8afe53ae-18fc-453f-8b99-0a62d4f1be12", "historyId": "cecad37550bde2c82b7fa945054a4a90", "testCaseId": "35a7920858192c899de77629e605663a", "fullName": "tests.test_login.TestLogin#test_login_valid_creds", "labels": [{"name": "feature", "value": "Login Page"}, {"name": "tag", "value": "smoke"}, {"name": "tag", "value": "C9999"}, {"name": "parentSuite", "value": "tests"}, {"name": "suite", "value": "test_login"}, {"name": "subSuite", "value": "TestLogin"}, {"name": "host", "value": "LAPTOP-LKUFHBJQ"}, {"name": "thread", "value": "36112-MainThread"}, {"name": "framework", "value": "pytest"}, {"name": "language", "value": "cpython3"}, {"name": "package", "value": "tests.test_login"}], "links": [{"type": "test_case", "url": "https://accunture.testrail.io/index.php?/cases/view/9999", "name": "Test Case Link"}]}